{"/Users/rayan/Downloads/Rayan/src/Entity/Booking.js": {"path":"/Users/rayan/Downloads/Rayan/src/Entity/Booking.js","statementMap":{"0":{"start":{"line":1,"column":0},"end":{"line":50,"column":2}},"1":{"start":{"line":3,"column":8},"end":{"line":3,"column":24}},"2":{"start":{"line":4,"column":8},"end":{"line":4,"column":32}},"3":{"start":{"line":5,"column":8},"end":{"line":5,"column":32}},"4":{"start":{"line":6,"column":8},"end":{"line":6,"column":30}},"5":{"start":{"line":11,"column":8},"end":{"line":11,"column":24}},"6":{"start":{"line":15,"column":8},"end":{"line":15,"column":25}},"7":{"start":{"line":19,"column":8},"end":{"line":19,"column":32}},"8":{"start":{"line":23,"column":8},"end":{"line":23,"column":33}},"9":{"start":{"line":27,"column":8},"end":{"line":27,"column":32}},"10":{"start":{"line":31,"column":8},"end":{"line":31,"column":33}},"11":{"start":{"line":35,"column":8},"end":{"line":35,"column":30}},"12":{"start":{"line":39,"column":8},"end":{"line":39,"column":31}},"13":{"start":{"line":43,"column":8},"end":{"line":48,"column":9}}},"fnMap":{"0":{"name":"(anonymous_0)","decl":{"start":{"line":2,"column":4},"end":{"line":2,"column":5}},"loc":{"start":{"line":2,"column":18},"end":{"line":7,"column":5}},"line":2},"1":{"name":"(anonymous_1)","decl":{"start":{"line":10,"column":4},"end":{"line":10,"column":5}},"loc":{"start":{"line":10,"column":13},"end":{"line":12,"column":5}},"line":10},"2":{"name":"(anonymous_2)","decl":{"start":{"line":14,"column":4},"end":{"line":14,"column":5}},"loc":{"start":{"line":14,"column":18},"end":{"line":16,"column":5}},"line":14},"3":{"name":"(anonymous_3)","decl":{"start":{"line":18,"column":4},"end":{"line":18,"column":5}},"loc":{"start":{"line":18,"column":21},"end":{"line":20,"column":5}},"line":18},"4":{"name":"(anonymous_4)","decl":{"start":{"line":22,"column":4},"end":{"line":22,"column":5}},"loc":{"start":{"line":22,"column":26},"end":{"line":24,"column":5}},"line":22},"5":{"name":"(anonymous_5)","decl":{"start":{"line":26,"column":4},"end":{"line":26,"column":5}},"loc":{"start":{"line":26,"column":21},"end":{"line":28,"column":5}},"line":26},"6":{"name":"(anonymous_6)","decl":{"start":{"line":30,"column":4},"end":{"line":30,"column":5}},"loc":{"start":{"line":30,"column":26},"end":{"line":32,"column":5}},"line":30},"7":{"name":"(anonymous_7)","decl":{"start":{"line":34,"column":4},"end":{"line":34,"column":5}},"loc":{"start":{"line":34,"column":19},"end":{"line":36,"column":5}},"line":34},"8":{"name":"(anonymous_8)","decl":{"start":{"line":38,"column":4},"end":{"line":38,"column":5}},"loc":{"start":{"line":38,"column":24},"end":{"line":40,"column":5}},"line":38},"9":{"name":"(anonymous_9)","decl":{"start":{"line":42,"column":4},"end":{"line":42,"column":5}},"loc":{"start":{"line":42,"column":13},"end":{"line":49,"column":5}},"line":42}},"branchMap":{},"s":{"0":2,"1":3,"2":3,"3":3,"4":3,"5":6,"6":2,"7":5,"8":2,"9":5,"10":3,"11":4,"12":4,"13":2},"f":{"0":3,"1":6,"2":2,"3":5,"4":2,"5":5,"6":3,"7":4,"8":4,"9":2},"b":{},"_coverageSchema":"43e27e138ebf9cfc5966b082cf9a028302ed4184","hash":"032e24e814db4d23eb1aed357bd8ad158af5df82"}
,"/Users/rayan/Downloads/Rayan/src/Entity/Jetpack.js": {"path":"/Users/rayan/Downloads/Rayan/src/Entity/Jetpack.js","statementMap":{"0":{"start":{"line":1,"column":0},"end":{"line":40,"column":2}},"1":{"start":{"line":3,"column":8},"end":{"line":3,"column":24}},"2":{"start":{"line":4,"column":8},"end":{"line":4,"column":26}},"3":{"start":{"line":5,"column":8},"end":{"line":5,"column":27}},"4":{"start":{"line":10,"column":8},"end":{"line":10,"column":24}},"5":{"start":{"line":14,"column":8},"end":{"line":14,"column":25}},"6":{"start":{"line":18,"column":8},"end":{"line":18,"column":26}},"7":{"start":{"line":22,"column":8},"end":{"line":22,"column":27}},"8":{"start":{"line":26,"column":8},"end":{"line":26,"column":27}},"9":{"start":{"line":30,"column":8},"end":{"line":30,"column":28}},"10":{"start":{"line":34,"column":8},"end":{"line":38,"column":9}}},"fnMap":{"0":{"name":"(anonymous_0)","decl":{"start":{"line":2,"column":4},"end":{"line":2,"column":5}},"loc":{"start":{"line":2,"column":18},"end":{"line":6,"column":5}},"line":2},"1":{"name":"(anonymous_1)","decl":{"start":{"line":9,"column":4},"end":{"line":9,"column":5}},"loc":{"start":{"line":9,"column":13},"end":{"line":11,"column":5}},"line":9},"2":{"name":"(anonymous_2)","decl":{"start":{"line":13,"column":4},"end":{"line":13,"column":5}},"loc":{"start":{"line":13,"column":18},"end":{"line":15,"column":5}},"line":13},"3":{"name":"(anonymous_3)","decl":{"start":{"line":17,"column":4},"end":{"line":17,"column":5}},"loc":{"start":{"line":17,"column":15},"end":{"line":19,"column":5}},"line":17},"4":{"name":"(anonymous_4)","decl":{"start":{"line":21,"column":4},"end":{"line":21,"column":5}},"loc":{"start":{"line":21,"column":20},"end":{"line":23,"column":5}},"line":21},"5":{"name":"(anonymous_5)","decl":{"start":{"line":25,"column":4},"end":{"line":25,"column":5}},"loc":{"start":{"line":25,"column":16},"end":{"line":27,"column":5}},"line":25},"6":{"name":"(anonymous_6)","decl":{"start":{"line":29,"column":4},"end":{"line":29,"column":5}},"loc":{"start":{"line":29,"column":21},"end":{"line":31,"column":5}},"line":29},"7":{"name":"(anonymous_7)","decl":{"start":{"line":33,"column":4},"end":{"line":33,"column":5}},"loc":{"start":{"line":33,"column":13},"end":{"line":39,"column":5}},"line":33}},"branchMap":{},"s":{"0":3,"1":11,"2":11,"3":11,"4":13,"5":7,"6":9,"7":7,"8":8,"9":7,"10":2},"f":{"0":11,"1":13,"2":7,"3":9,"4":7,"5":8,"6":7,"7":2},"b":{},"_coverageSchema":"43e27e138ebf9cfc5966b082cf9a028302ed4184","hash":"2553aa0ae0b29ca9d098e0c96c8a6edae285382d"}
,"/Users/rayan/Downloads/Rayan/src/Repository/BookingRepository.js": {"path":"/Users/rayan/Downloads/Rayan/src/Repository/BookingRepository.js","statementMap":{"0":{"start":{"line":1,"column":0},"end":{"line":26,"column":2}},"1":{"start":{"line":3,"column":8},"end":{"line":3,"column":21}},"2":{"start":{"line":7,"column":6},"end":{"line":8,"column":33}},"3":{"start":{"line":12,"column":8},"end":{"line":14,"column":9}},"4":{"start":{"line":13,"column":12},"end":{"line":13,"column":48}},"5":{"start":{"line":16,"column":8},"end":{"line":18,"column":9}},"6":{"start":{"line":17,"column":12},"end":{"line":17,"column":58}},"7":{"start":{"line":20,"column":8},"end":{"line":23,"column":20}}},"fnMap":{"0":{"name":"(anonymous_0)","decl":{"start":{"line":2,"column":4},"end":{"line":2,"column":5}},"loc":{"start":{"line":2,"column":20},"end":{"line":4,"column":5}},"line":2},"1":{"name":"(anonymous_1)","decl":{"start":{"line":6,"column":4},"end":{"line":6,"column":5}},"loc":{"start":{"line":6,"column":9},"end":{"line":9,"column":5}},"line":6},"2":{"name":"(anonymous_2)","decl":{"start":{"line":11,"column":4},"end":{"line":11,"column":5}},"loc":{"start":{"line":11,"column":20},"end":{"line":24,"column":5}},"line":11}},"branchMap":{"0":{"loc":{"start":{"line":12,"column":8},"end":{"line":14,"column":9}},"type":"if","locations":[{"start":{"line":12,"column":8},"end":{"line":14,"column":9}},{"start":{"line":12,"column":8},"end":{"line":14,"column":9}}],"line":12},"1":{"loc":{"start":{"line":16,"column":8},"end":{"line":18,"column":9}},"type":"if","locations":[{"start":{"line":16,"column":8},"end":{"line":18,"column":9}},{"start":{"line":16,"column":8},"end":{"line":18,"column":9}}],"line":16},"2":{"loc":{"start":{"line":16,"column":12},"end":{"line":16,"column":90}},"type":"binary-expr","locations":[{"start":{"line":16,"column":12},"end":{"line":16,"column":23}},{"start":{"line":16,"column":27},"end":{"line":16,"column":46}},{"start":{"line":16,"column":50},"end":{"line":16,"column":69}},{"start":{"line":16,"column":73},"end":{"line":16,"column":90}}],"line":16}},"s":{"0":1,"1":1,"2":0,"3":5,"4":1,"5":4,"6":3,"7":1},"f":{"0":1,"1":0,"2":5},"b":{"0":[1,4],"1":[3,1],"2":[4,3,3,2]},"_coverageSchema":"43e27e138ebf9cfc5966b082cf9a028302ed4184","hash":"b17c06967eb0f8b86989e769114faddf34be670f"}
,"/Users/rayan/Downloads/Rayan/src/Repository/JetpackRepository.js": {"path":"/Users/rayan/Downloads/Rayan/src/Repository/JetpackRepository.js","statementMap":{"0":{"start":{"line":1,"column":0},"end":{"line":100,"column":2}},"1":{"start":{"line":3,"column":8},"end":{"line":3,"column":21}},"2":{"start":{"line":7,"column":6},"end":{"line":8,"column":42}},"3":{"start":{"line":12,"column":20},"end":{"line":15,"column":20}},"4":{"start":{"line":17,"column":8},"end":{"line":21,"column":9}},"5":{"start":{"line":18,"column":10},"end":{"line":18,"column":32}},"6":{"start":{"line":20,"column":10},"end":{"line":20,"column":25}},"7":{"start":{"line":25,"column":21},"end":{"line":25,"column":52}},"8":{"start":{"line":26,"column":23},"end":{"line":26,"column":53}},"9":{"start":{"line":28,"column":6},"end":{"line":44,"column":7}},"10":{"start":{"line":29,"column":8},"end":{"line":29,"column":20}},"11":{"start":{"line":31,"column":11},"end":{"line":44,"column":7}},"12":{"start":{"line":32,"column":8},"end":{"line":32,"column":24}},"13":{"start":{"line":34,"column":11},"end":{"line":44,"column":7}},"14":{"start":{"line":35,"column":8},"end":{"line":35,"column":82}},"15":{"start":{"line":35,"column":36},"end":{"line":35,"column":80}},"16":{"start":{"line":35,"column":58},"end":{"line":35,"column":79}},"17":{"start":{"line":38,"column":8},"end":{"line":43,"column":10}},"18":{"start":{"line":39,"column":10},"end":{"line":42,"column":36}},"19":{"start":{"line":40,"column":14},"end":{"line":42,"column":35}},"20":{"start":{"line":49,"column":8},"end":{"line":51,"column":9}},"21":{"start":{"line":50,"column":12},"end":{"line":50,"column":48}},"22":{"start":{"line":53,"column":8},"end":{"line":55,"column":9}},"23":{"start":{"line":54,"column":12},"end":{"line":54,"column":58}},"24":{"start":{"line":57,"column":8},"end":{"line":60,"column":20}},"25":{"start":{"line":64,"column":6},"end":{"line":66,"column":7}},"26":{"start":{"line":65,"column":8},"end":{"line":65,"column":44}},"27":{"start":{"line":68,"column":6},"end":{"line":70,"column":7}},"28":{"start":{"line":69,"column":8},"end":{"line":69,"column":54}},"29":{"start":{"line":71,"column":18},"end":{"line":74,"column":14}},"30":{"start":{"line":75,"column":6},"end":{"line":81,"column":7}},"31":{"start":{"line":76,"column":8},"end":{"line":80,"column":16}},"32":{"start":{"line":82,"column":6},"end":{"line":82,"column":35}},"33":{"start":{"line":86,"column":8},"end":{"line":88,"column":9}},"34":{"start":{"line":87,"column":12},"end":{"line":87,"column":48}},"35":{"start":{"line":90,"column":8},"end":{"line":92,"column":9}},"36":{"start":{"line":91,"column":12},"end":{"line":91,"column":58}},"37":{"start":{"line":94,"column":8},"end":{"line":97,"column":20}}},"fnMap":{"0":{"name":"(anonymous_0)","decl":{"start":{"line":2,"column":4},"end":{"line":2,"column":5}},"loc":{"start":{"line":2,"column":20},"end":{"line":4,"column":5}},"line":2},"1":{"name":"(anonymous_1)","decl":{"start":{"line":6,"column":4},"end":{"line":6,"column":5}},"loc":{"start":{"line":6,"column":12},"end":{"line":9,"column":5}},"line":6},"2":{"name":"(anonymous_2)","decl":{"start":{"line":11,"column":4},"end":{"line":11,"column":5}},"loc":{"start":{"line":11,"column":15},"end":{"line":22,"column":5}},"line":11},"3":{"name":"(anonymous_3)","decl":{"start":{"line":24,"column":4},"end":{"line":24,"column":5}},"loc":{"start":{"line":24,"column":43},"end":{"line":46,"column":5}},"line":24},"4":{"name":"(anonymous_4)","decl":{"start":{"line":35,"column":31},"end":{"line":35,"column":32}},"loc":{"start":{"line":35,"column":36},"end":{"line":35,"column":80}},"line":35},"5":{"name":"(anonymous_5)","decl":{"start":{"line":35,"column":53},"end":{"line":35,"column":54}},"loc":{"start":{"line":35,"column":58},"end":{"line":35,"column":79}},"line":35},"6":{"name":"(anonymous_6)","decl":{"start":{"line":38,"column":31},"end":{"line":38,"column":32}},"loc":{"start":{"line":39,"column":10},"end":{"line":42,"column":36}},"line":39},"7":{"name":"(anonymous_7)","decl":{"start":{"line":39,"column":26},"end":{"line":39,"column":27}},"loc":{"start":{"line":40,"column":14},"end":{"line":42,"column":35}},"line":40},"8":{"name":"(anonymous_8)","decl":{"start":{"line":48,"column":4},"end":{"line":48,"column":5}},"loc":{"start":{"line":48,"column":20},"end":{"line":61,"column":5}},"line":48},"9":{"name":"(anonymous_9)","decl":{"start":{"line":63,"column":4},"end":{"line":63,"column":5}},"loc":{"start":{"line":63,"column":20},"end":{"line":84,"column":5}},"line":63},"10":{"name":"(anonymous_10)","decl":{"start":{"line":85,"column":4},"end":{"line":85,"column":5}},"loc":{"start":{"line":85,"column":20},"end":{"line":98,"column":5}},"line":85}},"branchMap":{"0":{"loc":{"start":{"line":17,"column":8},"end":{"line":21,"column":9}},"type":"if","locations":[{"start":{"line":17,"column":8},"end":{"line":21,"column":9}},{"start":{"line":17,"column":8},"end":{"line":21,"column":9}}],"line":17},"1":{"loc":{"start":{"line":28,"column":6},"end":{"line":44,"column":7}},"type":"if","locations":[{"start":{"line":28,"column":6},"end":{"line":44,"column":7}},{"start":{"line":28,"column":6},"end":{"line":44,"column":7}}],"line":28},"2":{"loc":{"start":{"line":31,"column":11},"end":{"line":44,"column":7}},"type":"if","locations":[{"start":{"line":31,"column":11},"end":{"line":44,"column":7}},{"start":{"line":31,"column":11},"end":{"line":44,"column":7}}],"line":31},"3":{"loc":{"start":{"line":31,"column":15},"end":{"line":31,"column":54}},"type":"binary-expr","locations":[{"start":{"line":31,"column":15},"end":{"line":31,"column":26}},{"start":{"line":31,"column":31},"end":{"line":31,"column":41}},{"start":{"line":31,"column":45},"end":{"line":31,"column":53}}],"line":31},"4":{"loc":{"start":{"line":34,"column":11},"end":{"line":44,"column":7}},"type":"if","locations":[{"start":{"line":34,"column":11},"end":{"line":44,"column":7}},{"start":{"line":34,"column":11},"end":{"line":44,"column":7}}],"line":34},"5":{"loc":{"start":{"line":34,"column":15},"end":{"line":34,"column":53}},"type":"binary-expr","locations":[{"start":{"line":34,"column":15},"end":{"line":34,"column":25}},{"start":{"line":34,"column":30},"end":{"line":34,"column":40}},{"start":{"line":34,"column":44},"end":{"line":34,"column":52}}],"line":34},"6":{"loc":{"start":{"line":40,"column":14},"end":{"line":42,"column":35}},"type":"binary-expr","locations":[{"start":{"line":40,"column":14},"end":{"line":40,"column":35}},{"start":{"line":41,"column":14},"end":{"line":41,"column":39}},{"start":{"line":42,"column":14},"end":{"line":42,"column":35}}],"line":40},"7":{"loc":{"start":{"line":49,"column":8},"end":{"line":51,"column":9}},"type":"if","locations":[{"start":{"line":49,"column":8},"end":{"line":51,"column":9}},{"start":{"line":49,"column":8},"end":{"line":51,"column":9}}],"line":49},"8":{"loc":{"start":{"line":53,"column":8},"end":{"line":55,"column":9}},"type":"if","locations":[{"start":{"line":53,"column":8},"end":{"line":55,"column":9}},{"start":{"line":53,"column":8},"end":{"line":55,"column":9}}],"line":53},"9":{"loc":{"start":{"line":53,"column":12},"end":{"line":53,"column":40}},"type":"binary-expr","locations":[{"start":{"line":53,"column":12},"end":{"line":53,"column":23}},{"start":{"line":53,"column":27},"end":{"line":53,"column":40}}],"line":53},"10":{"loc":{"start":{"line":64,"column":6},"end":{"line":66,"column":7}},"type":"if","locations":[{"start":{"line":64,"column":6},"end":{"line":66,"column":7}},{"start":{"line":64,"column":6},"end":{"line":66,"column":7}}],"line":64},"11":{"loc":{"start":{"line":68,"column":6},"end":{"line":70,"column":7}},"type":"if","locations":[{"start":{"line":68,"column":6},"end":{"line":70,"column":7}},{"start":{"line":68,"column":6},"end":{"line":70,"column":7}}],"line":68},"12":{"loc":{"start":{"line":68,"column":10},"end":{"line":68,"column":56}},"type":"binary-expr","locations":[{"start":{"line":68,"column":10},"end":{"line":68,"column":21}},{"start":{"line":68,"column":25},"end":{"line":68,"column":38}},{"start":{"line":68,"column":42},"end":{"line":68,"column":56}}],"line":68},"13":{"loc":{"start":{"line":75,"column":6},"end":{"line":81,"column":7}},"type":"if","locations":[{"start":{"line":75,"column":6},"end":{"line":81,"column":7}},{"start":{"line":75,"column":6},"end":{"line":81,"column":7}}],"line":75},"14":{"loc":{"start":{"line":86,"column":8},"end":{"line":88,"column":9}},"type":"if","locations":[{"start":{"line":86,"column":8},"end":{"line":88,"column":9}},{"start":{"line":86,"column":8},"end":{"line":88,"column":9}}],"line":86},"15":{"loc":{"start":{"line":90,"column":8},"end":{"line":92,"column":9}},"type":"if","locations":[{"start":{"line":90,"column":8},"end":{"line":92,"column":9}},{"start":{"line":90,"column":8},"end":{"line":92,"column":9}}],"line":90}},"s":{"0":1,"1":7,"2":1,"3":2,"4":2,"5":1,"6":1,"7":0,"8":0,"9":0,"10":0,"11":0,"12":0,"13":0,"14":0,"15":0,"16":0,"17":0,"18":0,"19":0,"20":3,"21":1,"22":2,"23":1,"24":1,"25":4,"26":1,"27":3,"28":1,"29":2,"30":2,"31":1,"32":1,"33":3,"34":1,"35":2,"36":1,"37":1},"f":{"0":7,"1":1,"2":2,"3":0,"4":0,"5":0,"6":0,"7":0,"8":3,"9":4,"10":3},"b":{"0":[1,1],"1":[0,0],"2":[0,0],"3":[0,0,0],"4":[0,0],"5":[0,0,0],"6":[0,0,0],"7":[1,2],"8":[1,1],"9":[2,1],"10":[1,3],"11":[1,2],"12":[3,2,2],"13":[1,1],"14":[1,2],"15":[1,1]},"_coverageSchema":"43e27e138ebf9cfc5966b082cf9a028302ed4184","hash":"92d5f0943db65fd9786ddca3fbcce0ace81aedf7"}
}
