TN:
SF:/Users/rayan/Downloads/Rayan/src/Entity/Booking.js
FN:2,(anonymous_0)
FN:10,(anonymous_1)
FN:14,(anonymous_2)
FN:18,(anonymous_3)
FN:22,(anonymous_4)
FN:26,(anonymous_5)
FN:30,(anonymous_6)
FN:34,(anonymous_7)
FN:38,(anonymous_8)
FN:42,(anonymous_9)
FNF:10
FNH:10
FNDA:3,(anonymous_0)
FNDA:6,(anonymous_1)
FNDA:2,(anonymous_2)
FNDA:5,(anonymous_3)
FNDA:2,(anonymous_4)
FNDA:5,(anonymous_5)
FNDA:3,(anonymous_6)
FNDA:4,(anonymous_7)
FNDA:4,(anonymous_8)
FNDA:2,(anonymous_9)
DA:1,2
DA:3,3
DA:4,3
DA:5,3
DA:6,3
DA:11,6
DA:15,2
DA:19,5
DA:23,2
DA:27,5
DA:31,3
DA:35,4
DA:39,4
DA:43,2
LF:14
LH:14
BRF:0
BRH:0
end_of_record
TN:
SF:/Users/rayan/Downloads/Rayan/src/Entity/Jetpack.js
FN:2,(anonymous_0)
FN:9,(anonymous_1)
FN:13,(anonymous_2)
FN:17,(anonymous_3)
FN:21,(anonymous_4)
FN:25,(anonymous_5)
FN:29,(anonymous_6)
FN:33,(anonymous_7)
FNF:8
FNH:8
FNDA:11,(anonymous_0)
FNDA:13,(anonymous_1)
FNDA:7,(anonymous_2)
FNDA:9,(anonymous_3)
FNDA:7,(anonymous_4)
FNDA:8,(anonymous_5)
FNDA:7,(anonymous_6)
FNDA:2,(anonymous_7)
DA:1,3
DA:3,11
DA:4,11
DA:5,11
DA:10,13
DA:14,7
DA:18,9
DA:22,7
DA:26,8
DA:30,7
DA:34,2
LF:11
LH:11
BRF:0
BRH:0
end_of_record
TN:
SF:/Users/rayan/Downloads/Rayan/src/Repository/BookingRepository.js
FN:2,(anonymous_0)
FN:6,(anonymous_1)
FN:11,(anonymous_2)
FNF:3
FNH:2
FNDA:1,(anonymous_0)
FNDA:0,(anonymous_1)
FNDA:5,(anonymous_2)
DA:1,1
DA:3,1
DA:7,0
DA:12,5
DA:13,1
DA:16,4
DA:17,3
DA:20,1
LF:8
LH:7
BRDA:12,0,0,1
BRDA:12,0,1,4
BRDA:16,1,0,3
BRDA:16,1,1,1
BRDA:16,2,0,4
BRDA:16,2,1,3
BRDA:16,2,2,3
BRDA:16,2,3,2
BRF:8
BRH:8
end_of_record
TN:
SF:/Users/rayan/Downloads/Rayan/src/Repository/JetpackRepository.js
FN:2,(anonymous_0)
FN:6,(anonymous_1)
FN:11,(anonymous_2)
FN:24,(anonymous_3)
FN:35,(anonymous_4)
FN:35,(anonymous_5)
FN:38,(anonymous_6)
FN:39,(anonymous_7)
FN:48,(anonymous_8)
FN:63,(anonymous_9)
FN:85,(anonymous_10)
FNF:11
FNH:6
FNDA:7,(anonymous_0)
FNDA:1,(anonymous_1)
FNDA:2,(anonymous_2)
FNDA:0,(anonymous_3)
FNDA:0,(anonymous_4)
FNDA:0,(anonymous_5)
FNDA:0,(anonymous_6)
FNDA:0,(anonymous_7)
FNDA:3,(anonymous_8)
FNDA:4,(anonymous_9)
FNDA:3,(anonymous_10)
DA:1,1
DA:3,7
DA:7,1
DA:12,2
DA:17,2
DA:18,1
DA:20,1
DA:25,0
DA:26,0
DA:28,0
DA:29,0
DA:31,0
DA:32,0
DA:34,0
DA:35,0
DA:38,0
DA:39,0
DA:40,0
DA:49,3
DA:50,1
DA:53,2
DA:54,1
DA:57,1
DA:64,4
DA:65,1
DA:68,3
DA:69,1
DA:71,2
DA:75,2
DA:76,1
DA:82,1
DA:86,3
DA:87,1
DA:90,2
DA:91,1
DA:94,1
LF:36
LH:25
BRDA:17,0,0,1
BRDA:17,0,1,1
BRDA:28,1,0,0
BRDA:28,1,1,0
BRDA:31,2,0,0
BRDA:31,2,1,0
BRDA:31,3,0,0
BRDA:31,3,1,0
BRDA:31,3,2,0
BRDA:34,4,0,0
BRDA:34,4,1,0
BRDA:34,5,0,0
BRDA:34,5,1,0
BRDA:34,5,2,0
BRDA:40,6,0,0
BRDA:40,6,1,0
BRDA:40,6,2,0
BRDA:49,7,0,1
BRDA:49,7,1,2
BRDA:53,8,0,1
BRDA:53,8,1,1
BRDA:53,9,0,2
BRDA:53,9,1,1
BRDA:64,10,0,1
BRDA:64,10,1,3
BRDA:68,11,0,1
BRDA:68,11,1,2
BRDA:68,12,0,3
BRDA:68,12,1,2
BRDA:68,12,2,2
BRDA:75,13,0,1
BRDA:75,13,1,1
BRDA:86,14,0,1
BRDA:86,14,1,2
BRDA:90,15,0,1
BRDA:90,15,1,1
BRF:36
BRH:21
end_of_record
